<?xml version="1.0" encoding="UTF-8"?>
<testsuite name="PaintingServiceTest" tests="1" skipped="0" failures="0" errors="0" timestamp="2022-09-01T15:24:42" hostname="DESKTOP-LON60R8" time="1.436">
  <properties/>
  <testcase name="addPaintingWhenPaintingDoesNotExistAdd()" classname="PaintingServiceTest" time="1.436"/>
  <system-out><![CDATA[]]></system-out>
  <system-err><![CDATA[]]></system-err>
</testsuite>
